                                      1 ;--------------------------------------------------------
                                      2 ; File Created by SDCC : free open source ANSI-C Compiler
                                      3 ; Version 3.6.0 #9615 (MINGW64)
                                      4 ;--------------------------------------------------------
                                      5 	.module main
                                      6 	.optsdcc -mmcs51 --model-small
                                      7 	
                                      8 ;--------------------------------------------------------
                                      9 ; Public variables in this module
                                     10 ;--------------------------------------------------------
                                     11 	.globl _main
                                     12 	.globl _TF2
                                     13 	.globl _EXF2
                                     14 	.globl _RCLK
                                     15 	.globl _TCLK
                                     16 	.globl _EXEN2
                                     17 	.globl _TR2
                                     18 	.globl _C_T2
                                     19 	.globl _CP_RL2
                                     20 	.globl _T2CON_7
                                     21 	.globl _T2CON_6
                                     22 	.globl _T2CON_5
                                     23 	.globl _T2CON_4
                                     24 	.globl _T2CON_3
                                     25 	.globl _T2CON_2
                                     26 	.globl _T2CON_1
                                     27 	.globl _T2CON_0
                                     28 	.globl _PT2
                                     29 	.globl _ET2
                                     30 	.globl _CY
                                     31 	.globl _AC
                                     32 	.globl _F0
                                     33 	.globl _RS1
                                     34 	.globl _RS0
                                     35 	.globl _OV
                                     36 	.globl _F1
                                     37 	.globl _P
                                     38 	.globl _PS
                                     39 	.globl _PT1
                                     40 	.globl _PX1
                                     41 	.globl _PT0
                                     42 	.globl _PX0
                                     43 	.globl _RD
                                     44 	.globl _WR
                                     45 	.globl _T1
                                     46 	.globl _T0
                                     47 	.globl _INT1
                                     48 	.globl _INT0
                                     49 	.globl _TXD
                                     50 	.globl _RXD
                                     51 	.globl _P3_7
                                     52 	.globl _P3_6
                                     53 	.globl _P3_5
                                     54 	.globl _P3_4
                                     55 	.globl _P3_3
                                     56 	.globl _P3_2
                                     57 	.globl _P3_1
                                     58 	.globl _P3_0
                                     59 	.globl _EA
                                     60 	.globl _ES
                                     61 	.globl _ET1
                                     62 	.globl _EX1
                                     63 	.globl _ET0
                                     64 	.globl _EX0
                                     65 	.globl _P2_7
                                     66 	.globl _P2_6
                                     67 	.globl _P2_5
                                     68 	.globl _P2_4
                                     69 	.globl _P2_3
                                     70 	.globl _P2_2
                                     71 	.globl _P2_1
                                     72 	.globl _P2_0
                                     73 	.globl _SM0
                                     74 	.globl _SM1
                                     75 	.globl _SM2
                                     76 	.globl _REN
                                     77 	.globl _TB8
                                     78 	.globl _RB8
                                     79 	.globl _TI
                                     80 	.globl _RI
                                     81 	.globl _P1_7
                                     82 	.globl _P1_6
                                     83 	.globl _P1_5
                                     84 	.globl _P1_4
                                     85 	.globl _P1_3
                                     86 	.globl _P1_2
                                     87 	.globl _P1_1
                                     88 	.globl _P1_0
                                     89 	.globl _TF1
                                     90 	.globl _TR1
                                     91 	.globl _TF0
                                     92 	.globl _TR0
                                     93 	.globl _IE1
                                     94 	.globl _IT1
                                     95 	.globl _IE0
                                     96 	.globl _IT0
                                     97 	.globl _P0_7
                                     98 	.globl _P0_6
                                     99 	.globl _P0_5
                                    100 	.globl _P0_4
                                    101 	.globl _P0_3
                                    102 	.globl _P0_2
                                    103 	.globl _P0_1
                                    104 	.globl _P0_0
                                    105 	.globl _TH2
                                    106 	.globl _TL2
                                    107 	.globl _RCAP2H
                                    108 	.globl _RCAP2L
                                    109 	.globl _T2CON
                                    110 	.globl _B
                                    111 	.globl _ACC
                                    112 	.globl _PSW
                                    113 	.globl _IP
                                    114 	.globl _P3
                                    115 	.globl _IE
                                    116 	.globl _P2
                                    117 	.globl _SBUF
                                    118 	.globl _SCON
                                    119 	.globl _P1
                                    120 	.globl _TH1
                                    121 	.globl _TH0
                                    122 	.globl _TL1
                                    123 	.globl _TL0
                                    124 	.globl _TMOD
                                    125 	.globl _TCON
                                    126 	.globl _PCON
                                    127 	.globl _DPH
                                    128 	.globl _DPL
                                    129 	.globl _SP
                                    130 	.globl _P0
                                    131 	.globl _delay_x10_cycles
                                    132 	.globl _delay_x100_cycles
                                    133 	.globl _delay_ms
                                    134 ;--------------------------------------------------------
                                    135 ; special function registers
                                    136 ;--------------------------------------------------------
                                    137 	.area RSEG    (ABS,DATA)
      000000                        138 	.org 0x0000
                           000080   139 _P0	=	0x0080
                           000081   140 _SP	=	0x0081
                           000082   141 _DPL	=	0x0082
                           000083   142 _DPH	=	0x0083
                           000087   143 _PCON	=	0x0087
                           000088   144 _TCON	=	0x0088
                           000089   145 _TMOD	=	0x0089
                           00008A   146 _TL0	=	0x008a
                           00008B   147 _TL1	=	0x008b
                           00008C   148 _TH0	=	0x008c
                           00008D   149 _TH1	=	0x008d
                           000090   150 _P1	=	0x0090
                           000098   151 _SCON	=	0x0098
                           000099   152 _SBUF	=	0x0099
                           0000A0   153 _P2	=	0x00a0
                           0000A8   154 _IE	=	0x00a8
                           0000B0   155 _P3	=	0x00b0
                           0000B8   156 _IP	=	0x00b8
                           0000D0   157 _PSW	=	0x00d0
                           0000E0   158 _ACC	=	0x00e0
                           0000F0   159 _B	=	0x00f0
                           0000C8   160 _T2CON	=	0x00c8
                           0000CA   161 _RCAP2L	=	0x00ca
                           0000CB   162 _RCAP2H	=	0x00cb
                           0000CC   163 _TL2	=	0x00cc
                           0000CD   164 _TH2	=	0x00cd
                                    165 ;--------------------------------------------------------
                                    166 ; special function bits
                                    167 ;--------------------------------------------------------
                                    168 	.area RSEG    (ABS,DATA)
      000000                        169 	.org 0x0000
                           000080   170 _P0_0	=	0x0080
                           000081   171 _P0_1	=	0x0081
                           000082   172 _P0_2	=	0x0082
                           000083   173 _P0_3	=	0x0083
                           000084   174 _P0_4	=	0x0084
                           000085   175 _P0_5	=	0x0085
                           000086   176 _P0_6	=	0x0086
                           000087   177 _P0_7	=	0x0087
                           000088   178 _IT0	=	0x0088
                           000089   179 _IE0	=	0x0089
                           00008A   180 _IT1	=	0x008a
                           00008B   181 _IE1	=	0x008b
                           00008C   182 _TR0	=	0x008c
                           00008D   183 _TF0	=	0x008d
                           00008E   184 _TR1	=	0x008e
                           00008F   185 _TF1	=	0x008f
                           000090   186 _P1_0	=	0x0090
                           000091   187 _P1_1	=	0x0091
                           000092   188 _P1_2	=	0x0092
                           000093   189 _P1_3	=	0x0093
                           000094   190 _P1_4	=	0x0094
                           000095   191 _P1_5	=	0x0095
                           000096   192 _P1_6	=	0x0096
                           000097   193 _P1_7	=	0x0097
                           000098   194 _RI	=	0x0098
                           000099   195 _TI	=	0x0099
                           00009A   196 _RB8	=	0x009a
                           00009B   197 _TB8	=	0x009b
                           00009C   198 _REN	=	0x009c
                           00009D   199 _SM2	=	0x009d
                           00009E   200 _SM1	=	0x009e
                           00009F   201 _SM0	=	0x009f
                           0000A0   202 _P2_0	=	0x00a0
                           0000A1   203 _P2_1	=	0x00a1
                           0000A2   204 _P2_2	=	0x00a2
                           0000A3   205 _P2_3	=	0x00a3
                           0000A4   206 _P2_4	=	0x00a4
                           0000A5   207 _P2_5	=	0x00a5
                           0000A6   208 _P2_6	=	0x00a6
                           0000A7   209 _P2_7	=	0x00a7
                           0000A8   210 _EX0	=	0x00a8
                           0000A9   211 _ET0	=	0x00a9
                           0000AA   212 _EX1	=	0x00aa
                           0000AB   213 _ET1	=	0x00ab
                           0000AC   214 _ES	=	0x00ac
                           0000AF   215 _EA	=	0x00af
                           0000B0   216 _P3_0	=	0x00b0
                           0000B1   217 _P3_1	=	0x00b1
                           0000B2   218 _P3_2	=	0x00b2
                           0000B3   219 _P3_3	=	0x00b3
                           0000B4   220 _P3_4	=	0x00b4
                           0000B5   221 _P3_5	=	0x00b5
                           0000B6   222 _P3_6	=	0x00b6
                           0000B7   223 _P3_7	=	0x00b7
                           0000B0   224 _RXD	=	0x00b0
                           0000B1   225 _TXD	=	0x00b1
                           0000B2   226 _INT0	=	0x00b2
                           0000B3   227 _INT1	=	0x00b3
                           0000B4   228 _T0	=	0x00b4
                           0000B5   229 _T1	=	0x00b5
                           0000B6   230 _WR	=	0x00b6
                           0000B7   231 _RD	=	0x00b7
                           0000B8   232 _PX0	=	0x00b8
                           0000B9   233 _PT0	=	0x00b9
                           0000BA   234 _PX1	=	0x00ba
                           0000BB   235 _PT1	=	0x00bb
                           0000BC   236 _PS	=	0x00bc
                           0000D0   237 _P	=	0x00d0
                           0000D1   238 _F1	=	0x00d1
                           0000D2   239 _OV	=	0x00d2
                           0000D3   240 _RS0	=	0x00d3
                           0000D4   241 _RS1	=	0x00d4
                           0000D5   242 _F0	=	0x00d5
                           0000D6   243 _AC	=	0x00d6
                           0000D7   244 _CY	=	0x00d7
                           0000AD   245 _ET2	=	0x00ad
                           0000BD   246 _PT2	=	0x00bd
                           0000C8   247 _T2CON_0	=	0x00c8
                           0000C9   248 _T2CON_1	=	0x00c9
                           0000CA   249 _T2CON_2	=	0x00ca
                           0000CB   250 _T2CON_3	=	0x00cb
                           0000CC   251 _T2CON_4	=	0x00cc
                           0000CD   252 _T2CON_5	=	0x00cd
                           0000CE   253 _T2CON_6	=	0x00ce
                           0000CF   254 _T2CON_7	=	0x00cf
                           0000C8   255 _CP_RL2	=	0x00c8
                           0000C9   256 _C_T2	=	0x00c9
                           0000CA   257 _TR2	=	0x00ca
                           0000CB   258 _EXEN2	=	0x00cb
                           0000CC   259 _TCLK	=	0x00cc
                           0000CD   260 _RCLK	=	0x00cd
                           0000CE   261 _EXF2	=	0x00ce
                           0000CF   262 _TF2	=	0x00cf
                                    263 ;--------------------------------------------------------
                                    264 ; overlayable register banks
                                    265 ;--------------------------------------------------------
                                    266 	.area REG_BANK_0	(REL,OVR,DATA)
      000000                        267 	.ds 8
                                    268 ;--------------------------------------------------------
                                    269 ; internal ram data
                                    270 ;--------------------------------------------------------
                                    271 	.area DSEG    (DATA)
                                    272 ;--------------------------------------------------------
                                    273 ; overlayable items in internal ram 
                                    274 ;--------------------------------------------------------
                                    275 	.area	OSEG    (OVR,DATA)
                                    276 	.area	OSEG    (OVR,DATA)
                                    277 ;--------------------------------------------------------
                                    278 ; Stack segment in internal ram 
                                    279 ;--------------------------------------------------------
                                    280 	.area	SSEG
      000000                        281 __start__stack:
      000000                        282 	.ds	1
                                    283 
                                    284 ;--------------------------------------------------------
                                    285 ; indirectly addressable internal ram data
                                    286 ;--------------------------------------------------------
                                    287 	.area ISEG    (DATA)
                                    288 ;--------------------------------------------------------
                                    289 ; absolute internal ram data
                                    290 ;--------------------------------------------------------
                                    291 	.area IABS    (ABS,DATA)
                                    292 	.area IABS    (ABS,DATA)
                                    293 ;--------------------------------------------------------
                                    294 ; bit data
                                    295 ;--------------------------------------------------------
                                    296 	.area BSEG    (BIT)
                                    297 ;--------------------------------------------------------
                                    298 ; paged external ram data
                                    299 ;--------------------------------------------------------
                                    300 	.area PSEG    (PAG,XDATA)
                                    301 ;--------------------------------------------------------
                                    302 ; external ram data
                                    303 ;--------------------------------------------------------
                                    304 	.area XSEG    (XDATA)
                                    305 ;--------------------------------------------------------
                                    306 ; absolute external ram data
                                    307 ;--------------------------------------------------------
                                    308 	.area XABS    (ABS,XDATA)
                                    309 ;--------------------------------------------------------
                                    310 ; external initialized ram data
                                    311 ;--------------------------------------------------------
                                    312 	.area XISEG   (XDATA)
                                    313 	.area HOME    (CODE)
                                    314 	.area GSINIT0 (CODE)
                                    315 	.area GSINIT1 (CODE)
                                    316 	.area GSINIT2 (CODE)
                                    317 	.area GSINIT3 (CODE)
                                    318 	.area GSINIT4 (CODE)
                                    319 	.area GSINIT5 (CODE)
                                    320 	.area GSINIT  (CODE)
                                    321 	.area GSFINAL (CODE)
                                    322 	.area CSEG    (CODE)
                                    323 ;--------------------------------------------------------
                                    324 ; interrupt vector 
                                    325 ;--------------------------------------------------------
                                    326 	.area HOME    (CODE)
      000000                        327 __interrupt_vect:
      000000 02r00r00         [24]  328 	ljmp	__sdcc_gsinit_startup
                                    329 ;--------------------------------------------------------
                                    330 ; global & static initialisations
                                    331 ;--------------------------------------------------------
                                    332 	.area HOME    (CODE)
                                    333 	.area GSINIT  (CODE)
                                    334 	.area GSFINAL (CODE)
                                    335 	.area GSINIT  (CODE)
                                    336 	.globl __sdcc_gsinit_startup
                                    337 	.globl __sdcc_program_startup
                                    338 	.globl __start__stack
                                    339 	.globl __mcs51_genXINIT
                                    340 	.globl __mcs51_genXRAMCLEAR
                                    341 	.globl __mcs51_genRAMCLEAR
                                    342 	.area GSFINAL (CODE)
      000000 02r00r03         [24]  343 	ljmp	__sdcc_program_startup
                                    344 ;--------------------------------------------------------
                                    345 ; Home
                                    346 ;--------------------------------------------------------
                                    347 	.area HOME    (CODE)
                                    348 	.area HOME    (CODE)
      000003                        349 __sdcc_program_startup:
      000003 02r00r37         [24]  350 	ljmp	_main
                                    351 ;	return from main will return to caller
                                    352 ;--------------------------------------------------------
                                    353 ; code
                                    354 ;--------------------------------------------------------
                                    355 	.area CSEG    (CODE)
                                    356 ;------------------------------------------------------------
                                    357 ;Allocation info for local variables in function 'delay_x10_cycles'
                                    358 ;------------------------------------------------------------
                                    359 ;x10cycles                 Allocated to registers 
                                    360 ;------------------------------------------------------------
                                    361 ;	delay_lib.h:47: void delay_x10_cycles(uint8_t x10cycles)
                                    362 ;	-----------------------------------------
                                    363 ;	 function delay_x10_cycles
                                    364 ;	-----------------------------------------
      000000                        365 _delay_x10_cycles:
                           000007   366 	ar7 = 0x07
                           000006   367 	ar6 = 0x06
                           000005   368 	ar5 = 0x05
                           000004   369 	ar4 = 0x04
                           000003   370 	ar3 = 0x03
                           000002   371 	ar2 = 0x02
                           000001   372 	ar1 = 0x01
                           000000   373 	ar0 = 0x00
                                    374 ;	delay_lib.h:65: __endasm;
      000000 AF 82            [24]  375 	mov	r7,dpl
      000002 1F               [12]  376 	dec	r7
      000003 EF               [12]  377 	mov	a, r7
      000004 60 07            [24]  378 	jz	end_delay_x10_cycles
      000006                        379 	    loop_delay_x10_cycles:
      000006 7E 03            [12]  380 	mov	r6,#3
      000008                        381 	    loop_delay_10_cycles:
      000008 DE FE            [24]  382 	djnz	r6,loop_delay_10_cycles
      00000A 00               [12]  383 	nop
      00000B DF F9            [24]  384 	djnz	r7,loop_delay_x10_cycles
      00000D                        385 	    end_delay_x10_cycles:
      00000D 22               [24]  386 	ret
                                    387 ;------------------------------------------------------------
                                    388 ;Allocation info for local variables in function 'delay_x100_cycles'
                                    389 ;------------------------------------------------------------
                                    390 ;x100cycles                Allocated to registers 
                                    391 ;------------------------------------------------------------
                                    392 ;	delay_lib.h:70: void delay_x100_cycles(uint8_t x100cycles)
                                    393 ;	-----------------------------------------
                                    394 ;	 function delay_x100_cycles
                                    395 ;	-----------------------------------------
      00000E                        396 _delay_x100_cycles:
                                    397 ;	delay_lib.h:89: __endasm;
      00000E AF 82            [24]  398 	mov	r7,dpl
      000010 1F               [12]  399 	dec	r7
      000011 EF               [12]  400 	mov	a, r7
      000012 7E 2C            [12]  401 	mov	r6,#44
      000014                        402 	    loop_delay_x100_cycles_init:
      000014 DE FE            [24]  403 	djnz	r6,loop_delay_x100_cycles_init
      000016 00               [12]  404 	nop
      000017 60 07            [24]  405 	jz	end_delay_x100_cycles
      000019                        406 	    loop_delay_x100_cycles:
      000019 7D 30            [12]  407 	mov	r5,#48
      00001B                        408 	    loop_delay_100_cycles:
      00001B DD FE            [24]  409 	djnz	r5,loop_delay_100_cycles
      00001D 00               [12]  410 	nop
      00001E DF F9            [24]  411 	djnz	r7,loop_delay_x100_cycles
      000020                        412 	    end_delay_x100_cycles:
      000020 22               [24]  413 	ret
                                    414 ;------------------------------------------------------------
                                    415 ;Allocation info for local variables in function 'delay_ms'
                                    416 ;------------------------------------------------------------
                                    417 ;delayTimeUS               Allocated to registers 
                                    418 ;------------------------------------------------------------
                                    419 ;	delay_lib.h:94: void delay_ms(uint16_t delayTimeUS)
                                    420 ;	-----------------------------------------
                                    421 ;	 function delay_ms
                                    422 ;	-----------------------------------------
      000021                        423 _delay_ms:
                                    424 ;	delay_lib.h:112: __endasm;
      000021 AB 82            [24]  425 	mov	r3,dpl
      000023 AC 83            [24]  426 	mov	r4,dph
      000025                        427 	    delay_ms_lib_loop:
      000025 1B               [12]  428 	dec	r3
      000026 BB FF 01         [24]  429 	cjne	r3,#0xff,delay_ms_lib_seguir
      000029 1C               [12]  430 	dec	r4
      00002A                        431 	    delay_ms_lib_seguir:
      00002A EB               [12]  432 	mov	a,r3
      00002B 4C               [12]  433 	orl	a,r4
      00002C 60 08            [24]  434 	jz	delay_ms_lib_fin
                                    435 ;	delay_lib.h:114: CALL_DELAY;
      00002E 75 82 64         [24]  436 	mov	dpl,#0x64
      000031 12r00r00         [24]  437 	lcall	_delay_x10_cycles
                                    438 ;	delay_lib.h:119: __endasm;
      000034 80 EF            [24]  439 	sjmp	delay_ms_lib_loop
      000036                        440 	    delay_ms_lib_fin:
      000036 22               [24]  441 	ret
                                    442 ;------------------------------------------------------------
                                    443 ;Allocation info for local variables in function 'main'
                                    444 ;------------------------------------------------------------
                                    445 ;	main.c:11: void main(void)
                                    446 ;	-----------------------------------------
                                    447 ;	 function main
                                    448 ;	-----------------------------------------
      000037                        449 _main:
                                    450 ;	main.c:14: P1_5 = 0;  // Output.
      000037 C2 95            [12]  451 	clr	_P1_5
                                    452 ;	main.c:16: while(1)
      000039                        453 00102$:
                                    454 ;	main.c:18: P1_5 = 1;
      000039 D2 95            [12]  455 	setb	_P1_5
                                    456 ;	main.c:19: delay_ms(500);
      00003B 90 01 F4         [24]  457 	mov	dptr,#0x01f4
      00003E 12r00r21         [24]  458 	lcall	_delay_ms
                                    459 ;	main.c:20: P1_5 = 0;
      000041 C2 95            [12]  460 	clr	_P1_5
                                    461 ;	main.c:21: delay_ms(500);
      000043 90 01 F4         [24]  462 	mov	dptr,#0x01f4
      000046 12r00r21         [24]  463 	lcall	_delay_ms
      000049 80 EE            [24]  464 	sjmp	00102$
                                    465 	.area CSEG    (CODE)
                                    466 	.area CONST   (CODE)
                                    467 	.area XINIT   (CODE)
                                    468 	.area CABS    (ABS,CODE)
