                                      1 ;--------------------------------------------------------
                                      2 ; File Created by SDCC : free open source ANSI-C Compiler
                                      3 ; Version 3.6.0 #9615 (MINGW32)
                                      4 ;--------------------------------------------------------
                                      5 	.module main
                                      6 	.optsdcc -mmcs51 --model-small
                                      7 	
                                      8 ;--------------------------------------------------------
                                      9 ; Public variables in this module
                                     10 ;--------------------------------------------------------
                                     11 	.globl _main
                                     12 	.globl _CY
                                     13 	.globl _AC
                                     14 	.globl _F0
                                     15 	.globl _RS1
                                     16 	.globl _RS0
                                     17 	.globl _OV
                                     18 	.globl _F1
                                     19 	.globl _P
                                     20 	.globl _PS
                                     21 	.globl _PT1
                                     22 	.globl _PX1
                                     23 	.globl _PT0
                                     24 	.globl _PX0
                                     25 	.globl _RD
                                     26 	.globl _WR
                                     27 	.globl _T1
                                     28 	.globl _T0
                                     29 	.globl _INT1
                                     30 	.globl _INT0
                                     31 	.globl _TXD
                                     32 	.globl _RXD
                                     33 	.globl _P3_7
                                     34 	.globl _P3_6
                                     35 	.globl _P3_5
                                     36 	.globl _P3_4
                                     37 	.globl _P3_3
                                     38 	.globl _P3_2
                                     39 	.globl _P3_1
                                     40 	.globl _P3_0
                                     41 	.globl _EA
                                     42 	.globl _ES
                                     43 	.globl _ET1
                                     44 	.globl _EX1
                                     45 	.globl _ET0
                                     46 	.globl _EX0
                                     47 	.globl _P2_7
                                     48 	.globl _P2_6
                                     49 	.globl _P2_5
                                     50 	.globl _P2_4
                                     51 	.globl _P2_3
                                     52 	.globl _P2_2
                                     53 	.globl _P2_1
                                     54 	.globl _P2_0
                                     55 	.globl _SM0
                                     56 	.globl _SM1
                                     57 	.globl _SM2
                                     58 	.globl _REN
                                     59 	.globl _TB8
                                     60 	.globl _RB8
                                     61 	.globl _TI
                                     62 	.globl _RI
                                     63 	.globl _P1_7
                                     64 	.globl _P1_6
                                     65 	.globl _P1_5
                                     66 	.globl _P1_4
                                     67 	.globl _P1_3
                                     68 	.globl _P1_2
                                     69 	.globl _P1_1
                                     70 	.globl _P1_0
                                     71 	.globl _TF1
                                     72 	.globl _TR1
                                     73 	.globl _TF0
                                     74 	.globl _TR0
                                     75 	.globl _IE1
                                     76 	.globl _IT1
                                     77 	.globl _IE0
                                     78 	.globl _IT0
                                     79 	.globl _P0_7
                                     80 	.globl _P0_6
                                     81 	.globl _P0_5
                                     82 	.globl _P0_4
                                     83 	.globl _P0_3
                                     84 	.globl _P0_2
                                     85 	.globl _P0_1
                                     86 	.globl _P0_0
                                     87 	.globl _B
                                     88 	.globl _ACC
                                     89 	.globl _PSW
                                     90 	.globl _IP
                                     91 	.globl _P3
                                     92 	.globl _IE
                                     93 	.globl _P2
                                     94 	.globl _SBUF
                                     95 	.globl _SCON
                                     96 	.globl _P1
                                     97 	.globl _TH1
                                     98 	.globl _TH0
                                     99 	.globl _TL1
                                    100 	.globl _TL0
                                    101 	.globl _TMOD
                                    102 	.globl _TCON
                                    103 	.globl _PCON
                                    104 	.globl _DPH
                                    105 	.globl _DPL
                                    106 	.globl _SP
                                    107 	.globl _P0
                                    108 	.globl _delay
                                    109 ;--------------------------------------------------------
                                    110 ; special function registers
                                    111 ;--------------------------------------------------------
                                    112 	.area RSEG    (ABS,DATA)
      000000                        113 	.org 0x0000
                           000080   114 _P0	=	0x0080
                           000081   115 _SP	=	0x0081
                           000082   116 _DPL	=	0x0082
                           000083   117 _DPH	=	0x0083
                           000087   118 _PCON	=	0x0087
                           000088   119 _TCON	=	0x0088
                           000089   120 _TMOD	=	0x0089
                           00008A   121 _TL0	=	0x008a
                           00008B   122 _TL1	=	0x008b
                           00008C   123 _TH0	=	0x008c
                           00008D   124 _TH1	=	0x008d
                           000090   125 _P1	=	0x0090
                           000098   126 _SCON	=	0x0098
                           000099   127 _SBUF	=	0x0099
                           0000A0   128 _P2	=	0x00a0
                           0000A8   129 _IE	=	0x00a8
                           0000B0   130 _P3	=	0x00b0
                           0000B8   131 _IP	=	0x00b8
                           0000D0   132 _PSW	=	0x00d0
                           0000E0   133 _ACC	=	0x00e0
                           0000F0   134 _B	=	0x00f0
                                    135 ;--------------------------------------------------------
                                    136 ; special function bits
                                    137 ;--------------------------------------------------------
                                    138 	.area RSEG    (ABS,DATA)
      000000                        139 	.org 0x0000
                           000080   140 _P0_0	=	0x0080
                           000081   141 _P0_1	=	0x0081
                           000082   142 _P0_2	=	0x0082
                           000083   143 _P0_3	=	0x0083
                           000084   144 _P0_4	=	0x0084
                           000085   145 _P0_5	=	0x0085
                           000086   146 _P0_6	=	0x0086
                           000087   147 _P0_7	=	0x0087
                           000088   148 _IT0	=	0x0088
                           000089   149 _IE0	=	0x0089
                           00008A   150 _IT1	=	0x008a
                           00008B   151 _IE1	=	0x008b
                           00008C   152 _TR0	=	0x008c
                           00008D   153 _TF0	=	0x008d
                           00008E   154 _TR1	=	0x008e
                           00008F   155 _TF1	=	0x008f
                           000090   156 _P1_0	=	0x0090
                           000091   157 _P1_1	=	0x0091
                           000092   158 _P1_2	=	0x0092
                           000093   159 _P1_3	=	0x0093
                           000094   160 _P1_4	=	0x0094
                           000095   161 _P1_5	=	0x0095
                           000096   162 _P1_6	=	0x0096
                           000097   163 _P1_7	=	0x0097
                           000098   164 _RI	=	0x0098
                           000099   165 _TI	=	0x0099
                           00009A   166 _RB8	=	0x009a
                           00009B   167 _TB8	=	0x009b
                           00009C   168 _REN	=	0x009c
                           00009D   169 _SM2	=	0x009d
                           00009E   170 _SM1	=	0x009e
                           00009F   171 _SM0	=	0x009f
                           0000A0   172 _P2_0	=	0x00a0
                           0000A1   173 _P2_1	=	0x00a1
                           0000A2   174 _P2_2	=	0x00a2
                           0000A3   175 _P2_3	=	0x00a3
                           0000A4   176 _P2_4	=	0x00a4
                           0000A5   177 _P2_5	=	0x00a5
                           0000A6   178 _P2_6	=	0x00a6
                           0000A7   179 _P2_7	=	0x00a7
                           0000A8   180 _EX0	=	0x00a8
                           0000A9   181 _ET0	=	0x00a9
                           0000AA   182 _EX1	=	0x00aa
                           0000AB   183 _ET1	=	0x00ab
                           0000AC   184 _ES	=	0x00ac
                           0000AF   185 _EA	=	0x00af
                           0000B0   186 _P3_0	=	0x00b0
                           0000B1   187 _P3_1	=	0x00b1
                           0000B2   188 _P3_2	=	0x00b2
                           0000B3   189 _P3_3	=	0x00b3
                           0000B4   190 _P3_4	=	0x00b4
                           0000B5   191 _P3_5	=	0x00b5
                           0000B6   192 _P3_6	=	0x00b6
                           0000B7   193 _P3_7	=	0x00b7
                           0000B0   194 _RXD	=	0x00b0
                           0000B1   195 _TXD	=	0x00b1
                           0000B2   196 _INT0	=	0x00b2
                           0000B3   197 _INT1	=	0x00b3
                           0000B4   198 _T0	=	0x00b4
                           0000B5   199 _T1	=	0x00b5
                           0000B6   200 _WR	=	0x00b6
                           0000B7   201 _RD	=	0x00b7
                           0000B8   202 _PX0	=	0x00b8
                           0000B9   203 _PT0	=	0x00b9
                           0000BA   204 _PX1	=	0x00ba
                           0000BB   205 _PT1	=	0x00bb
                           0000BC   206 _PS	=	0x00bc
                           0000D0   207 _P	=	0x00d0
                           0000D1   208 _F1	=	0x00d1
                           0000D2   209 _OV	=	0x00d2
                           0000D3   210 _RS0	=	0x00d3
                           0000D4   211 _RS1	=	0x00d4
                           0000D5   212 _F0	=	0x00d5
                           0000D6   213 _AC	=	0x00d6
                           0000D7   214 _CY	=	0x00d7
                                    215 ;--------------------------------------------------------
                                    216 ; overlayable register banks
                                    217 ;--------------------------------------------------------
                                    218 	.area REG_BANK_0	(REL,OVR,DATA)
      000000                        219 	.ds 8
                                    220 ;--------------------------------------------------------
                                    221 ; internal ram data
                                    222 ;--------------------------------------------------------
                                    223 	.area DSEG    (DATA)
                                    224 ;--------------------------------------------------------
                                    225 ; overlayable items in internal ram 
                                    226 ;--------------------------------------------------------
                                    227 	.area	OSEG    (OVR,DATA)
                                    228 ;--------------------------------------------------------
                                    229 ; Stack segment in internal ram 
                                    230 ;--------------------------------------------------------
                                    231 	.area	SSEG
      000000                        232 __start__stack:
      000000                        233 	.ds	1
                                    234 
                                    235 ;--------------------------------------------------------
                                    236 ; indirectly addressable internal ram data
                                    237 ;--------------------------------------------------------
                                    238 	.area ISEG    (DATA)
                                    239 ;--------------------------------------------------------
                                    240 ; absolute internal ram data
                                    241 ;--------------------------------------------------------
                                    242 	.area IABS    (ABS,DATA)
                                    243 	.area IABS    (ABS,DATA)
                                    244 ;--------------------------------------------------------
                                    245 ; bit data
                                    246 ;--------------------------------------------------------
                                    247 	.area BSEG    (BIT)
                                    248 ;--------------------------------------------------------
                                    249 ; paged external ram data
                                    250 ;--------------------------------------------------------
                                    251 	.area PSEG    (PAG,XDATA)
                                    252 ;--------------------------------------------------------
                                    253 ; external ram data
                                    254 ;--------------------------------------------------------
                                    255 	.area XSEG    (XDATA)
                                    256 ;--------------------------------------------------------
                                    257 ; absolute external ram data
                                    258 ;--------------------------------------------------------
                                    259 	.area XABS    (ABS,XDATA)
                                    260 ;--------------------------------------------------------
                                    261 ; external initialized ram data
                                    262 ;--------------------------------------------------------
                                    263 	.area XISEG   (XDATA)
                                    264 	.area HOME    (CODE)
                                    265 	.area GSINIT0 (CODE)
                                    266 	.area GSINIT1 (CODE)
                                    267 	.area GSINIT2 (CODE)
                                    268 	.area GSINIT3 (CODE)
                                    269 	.area GSINIT4 (CODE)
                                    270 	.area GSINIT5 (CODE)
                                    271 	.area GSINIT  (CODE)
                                    272 	.area GSFINAL (CODE)
                                    273 	.area CSEG    (CODE)
                                    274 ;--------------------------------------------------------
                                    275 ; interrupt vector 
                                    276 ;--------------------------------------------------------
                                    277 	.area HOME    (CODE)
      000000                        278 __interrupt_vect:
      000000 02r00r00         [24]  279 	ljmp	__sdcc_gsinit_startup
                                    280 ;--------------------------------------------------------
                                    281 ; global & static initialisations
                                    282 ;--------------------------------------------------------
                                    283 	.area HOME    (CODE)
                                    284 	.area GSINIT  (CODE)
                                    285 	.area GSFINAL (CODE)
                                    286 	.area GSINIT  (CODE)
                                    287 	.globl __sdcc_gsinit_startup
                                    288 	.globl __sdcc_program_startup
                                    289 	.globl __start__stack
                                    290 	.globl __mcs51_genXINIT
                                    291 	.globl __mcs51_genXRAMCLEAR
                                    292 	.globl __mcs51_genRAMCLEAR
                                    293 	.area GSFINAL (CODE)
      000000 02r00r03         [24]  294 	ljmp	__sdcc_program_startup
                                    295 ;--------------------------------------------------------
                                    296 ; Home
                                    297 ;--------------------------------------------------------
                                    298 	.area HOME    (CODE)
                                    299 	.area HOME    (CODE)
      000003                        300 __sdcc_program_startup:
      000003 02r00r00         [24]  301 	ljmp	_main
                                    302 ;	return from main will return to caller
                                    303 ;--------------------------------------------------------
                                    304 ; code
                                    305 ;--------------------------------------------------------
                                    306 	.area CSEG    (CODE)
                                    307 ;------------------------------------------------------------
                                    308 ;Allocation info for local variables in function 'main'
                                    309 ;------------------------------------------------------------
                                    310 ;	main.c:8: void main(void)
                                    311 ;	-----------------------------------------
                                    312 ;	 function main
                                    313 ;	-----------------------------------------
      000000                        314 _main:
                           000007   315 	ar7 = 0x07
                           000006   316 	ar6 = 0x06
                           000005   317 	ar5 = 0x05
                           000004   318 	ar4 = 0x04
                           000003   319 	ar3 = 0x03
                           000002   320 	ar2 = 0x02
                           000001   321 	ar1 = 0x01
                           000000   322 	ar0 = 0x00
                                    323 ;	main.c:13: while(1)
      000000                        324 00102$:
                                    325 ;	main.c:16: P1_0=0;
      000000 C2 90            [12]  326 	clr	_P1_0
                                    327 ;	main.c:17: delay(40000);
      000002 90 9C 40         [24]  328 	mov	dptr,#0x9c40
      000005 12r00r12         [24]  329 	lcall	_delay
                                    330 ;	main.c:18: P1_0=1;
      000008 D2 90            [12]  331 	setb	_P1_0
                                    332 ;	main.c:19: delay(40000);
      00000A 90 9C 40         [24]  333 	mov	dptr,#0x9c40
      00000D 12r00r12         [24]  334 	lcall	_delay
      000010 80 EE            [24]  335 	sjmp	00102$
                                    336 ;------------------------------------------------------------
                                    337 ;Allocation info for local variables in function 'delay'
                                    338 ;------------------------------------------------------------
                                    339 ;vueltas                   Allocated to registers r6 r7 
                                    340 ;contador                  Allocated to registers r4 r5 
                                    341 ;------------------------------------------------------------
                                    342 ;	main.c:25: void delay(unsigned int vueltas)
                                    343 ;	-----------------------------------------
                                    344 ;	 function delay
                                    345 ;	-----------------------------------------
      000012                        346 _delay:
      000012 AE 82            [24]  347 	mov	r6,dpl
      000014 AF 83            [24]  348 	mov	r7,dph
                                    349 ;	main.c:28: for(contador=0; contador<vueltas; contador++);
      000016 7C 00            [12]  350 	mov	r4,#0x00
      000018 7D 00            [12]  351 	mov	r5,#0x00
      00001A                        352 00103$:
      00001A C3               [12]  353 	clr	c
      00001B EC               [12]  354 	mov	a,r4
      00001C 9E               [12]  355 	subb	a,r6
      00001D ED               [12]  356 	mov	a,r5
      00001E 9F               [12]  357 	subb	a,r7
      00001F 50 07            [24]  358 	jnc	00105$
      000021 0C               [12]  359 	inc	r4
      000022 BC 00 F5         [24]  360 	cjne	r4,#0x00,00103$
      000025 0D               [12]  361 	inc	r5
      000026 80 F2            [24]  362 	sjmp	00103$
      000028                        363 00105$:
      000028 22               [24]  364 	ret
                                    365 	.area CSEG    (CODE)
                                    366 	.area CONST   (CODE)
                                    367 	.area XINIT   (CODE)
                                    368 	.area CABS    (ABS,CODE)
