                                      1 ;--------------------------------------------------------
                                      2 ; File Created by SDCC : free open source ANSI-C Compiler
                                      3 ; Version 3.6.0 #9615 (MINGW64)
                                      4 ;--------------------------------------------------------
                                      5 	.module main
                                      6 	.optsdcc -mmcs51 --model-small
                                      7 	
                                      8 ;--------------------------------------------------------
                                      9 ; Public variables in this module
                                     10 ;--------------------------------------------------------
                                     11 	.globl _main
                                     12 	.globl _CY
                                     13 	.globl _AC
                                     14 	.globl _F0
                                     15 	.globl _RS1
                                     16 	.globl _RS0
                                     17 	.globl _OV
                                     18 	.globl _F1
                                     19 	.globl _P
                                     20 	.globl _PS
                                     21 	.globl _PT1
                                     22 	.globl _PX1
                                     23 	.globl _PT0
                                     24 	.globl _PX0
                                     25 	.globl _RD
                                     26 	.globl _WR
                                     27 	.globl _T1
                                     28 	.globl _T0
                                     29 	.globl _INT1
                                     30 	.globl _INT0
                                     31 	.globl _TXD
                                     32 	.globl _RXD
                                     33 	.globl _P3_7
                                     34 	.globl _P3_6
                                     35 	.globl _P3_5
                                     36 	.globl _P3_4
                                     37 	.globl _P3_3
                                     38 	.globl _P3_2
                                     39 	.globl _P3_1
                                     40 	.globl _P3_0
                                     41 	.globl _EA
                                     42 	.globl _ES
                                     43 	.globl _ET1
                                     44 	.globl _EX1
                                     45 	.globl _ET0
                                     46 	.globl _EX0
                                     47 	.globl _P2_7
                                     48 	.globl _P2_6
                                     49 	.globl _P2_5
                                     50 	.globl _P2_4
                                     51 	.globl _P2_3
                                     52 	.globl _P2_2
                                     53 	.globl _P2_1
                                     54 	.globl _P2_0
                                     55 	.globl _SM0
                                     56 	.globl _SM1
                                     57 	.globl _SM2
                                     58 	.globl _REN
                                     59 	.globl _TB8
                                     60 	.globl _RB8
                                     61 	.globl _TI
                                     62 	.globl _RI
                                     63 	.globl _P1_7
                                     64 	.globl _P1_6
                                     65 	.globl _P1_5
                                     66 	.globl _P1_4
                                     67 	.globl _P1_3
                                     68 	.globl _P1_2
                                     69 	.globl _P1_1
                                     70 	.globl _P1_0
                                     71 	.globl _TF1
                                     72 	.globl _TR1
                                     73 	.globl _TF0
                                     74 	.globl _TR0
                                     75 	.globl _IE1
                                     76 	.globl _IT1
                                     77 	.globl _IE0
                                     78 	.globl _IT0
                                     79 	.globl _P0_7
                                     80 	.globl _P0_6
                                     81 	.globl _P0_5
                                     82 	.globl _P0_4
                                     83 	.globl _P0_3
                                     84 	.globl _P0_2
                                     85 	.globl _P0_1
                                     86 	.globl _P0_0
                                     87 	.globl _B
                                     88 	.globl _ACC
                                     89 	.globl _PSW
                                     90 	.globl _IP
                                     91 	.globl _P3
                                     92 	.globl _IE
                                     93 	.globl _P2
                                     94 	.globl _SBUF
                                     95 	.globl _SCON
                                     96 	.globl _P1
                                     97 	.globl _TH1
                                     98 	.globl _TH0
                                     99 	.globl _TL1
                                    100 	.globl _TL0
                                    101 	.globl _TMOD
                                    102 	.globl _TCON
                                    103 	.globl _PCON
                                    104 	.globl _DPH
                                    105 	.globl _DPL
                                    106 	.globl _SP
                                    107 	.globl _P0
                                    108 	.globl _Write_Max7219_PARM_2
                                    109 	.globl _Write_Max7219_byte
                                    110 	.globl _Write_Max7219
                                    111 	.globl _Init_Max7219
                                    112 	.globl _delay
                                    113 ;--------------------------------------------------------
                                    114 ; special function registers
                                    115 ;--------------------------------------------------------
                                    116 	.area RSEG    (ABS,DATA)
      000000                        117 	.org 0x0000
                           000080   118 _P0	=	0x0080
                           000081   119 _SP	=	0x0081
                           000082   120 _DPL	=	0x0082
                           000083   121 _DPH	=	0x0083
                           000087   122 _PCON	=	0x0087
                           000088   123 _TCON	=	0x0088
                           000089   124 _TMOD	=	0x0089
                           00008A   125 _TL0	=	0x008a
                           00008B   126 _TL1	=	0x008b
                           00008C   127 _TH0	=	0x008c
                           00008D   128 _TH1	=	0x008d
                           000090   129 _P1	=	0x0090
                           000098   130 _SCON	=	0x0098
                           000099   131 _SBUF	=	0x0099
                           0000A0   132 _P2	=	0x00a0
                           0000A8   133 _IE	=	0x00a8
                           0000B0   134 _P3	=	0x00b0
                           0000B8   135 _IP	=	0x00b8
                           0000D0   136 _PSW	=	0x00d0
                           0000E0   137 _ACC	=	0x00e0
                           0000F0   138 _B	=	0x00f0
                                    139 ;--------------------------------------------------------
                                    140 ; special function bits
                                    141 ;--------------------------------------------------------
                                    142 	.area RSEG    (ABS,DATA)
      000000                        143 	.org 0x0000
                           000080   144 _P0_0	=	0x0080
                           000081   145 _P0_1	=	0x0081
                           000082   146 _P0_2	=	0x0082
                           000083   147 _P0_3	=	0x0083
                           000084   148 _P0_4	=	0x0084
                           000085   149 _P0_5	=	0x0085
                           000086   150 _P0_6	=	0x0086
                           000087   151 _P0_7	=	0x0087
                           000088   152 _IT0	=	0x0088
                           000089   153 _IE0	=	0x0089
                           00008A   154 _IT1	=	0x008a
                           00008B   155 _IE1	=	0x008b
                           00008C   156 _TR0	=	0x008c
                           00008D   157 _TF0	=	0x008d
                           00008E   158 _TR1	=	0x008e
                           00008F   159 _TF1	=	0x008f
                           000090   160 _P1_0	=	0x0090
                           000091   161 _P1_1	=	0x0091
                           000092   162 _P1_2	=	0x0092
                           000093   163 _P1_3	=	0x0093
                           000094   164 _P1_4	=	0x0094
                           000095   165 _P1_5	=	0x0095
                           000096   166 _P1_6	=	0x0096
                           000097   167 _P1_7	=	0x0097
                           000098   168 _RI	=	0x0098
                           000099   169 _TI	=	0x0099
                           00009A   170 _RB8	=	0x009a
                           00009B   171 _TB8	=	0x009b
                           00009C   172 _REN	=	0x009c
                           00009D   173 _SM2	=	0x009d
                           00009E   174 _SM1	=	0x009e
                           00009F   175 _SM0	=	0x009f
                           0000A0   176 _P2_0	=	0x00a0
                           0000A1   177 _P2_1	=	0x00a1
                           0000A2   178 _P2_2	=	0x00a2
                           0000A3   179 _P2_3	=	0x00a3
                           0000A4   180 _P2_4	=	0x00a4
                           0000A5   181 _P2_5	=	0x00a5
                           0000A6   182 _P2_6	=	0x00a6
                           0000A7   183 _P2_7	=	0x00a7
                           0000A8   184 _EX0	=	0x00a8
                           0000A9   185 _ET0	=	0x00a9
                           0000AA   186 _EX1	=	0x00aa
                           0000AB   187 _ET1	=	0x00ab
                           0000AC   188 _ES	=	0x00ac
                           0000AF   189 _EA	=	0x00af
                           0000B0   190 _P3_0	=	0x00b0
                           0000B1   191 _P3_1	=	0x00b1
                           0000B2   192 _P3_2	=	0x00b2
                           0000B3   193 _P3_3	=	0x00b3
                           0000B4   194 _P3_4	=	0x00b4
                           0000B5   195 _P3_5	=	0x00b5
                           0000B6   196 _P3_6	=	0x00b6
                           0000B7   197 _P3_7	=	0x00b7
                           0000B0   198 _RXD	=	0x00b0
                           0000B1   199 _TXD	=	0x00b1
                           0000B2   200 _INT0	=	0x00b2
                           0000B3   201 _INT1	=	0x00b3
                           0000B4   202 _T0	=	0x00b4
                           0000B5   203 _T1	=	0x00b5
                           0000B6   204 _WR	=	0x00b6
                           0000B7   205 _RD	=	0x00b7
                           0000B8   206 _PX0	=	0x00b8
                           0000B9   207 _PT0	=	0x00b9
                           0000BA   208 _PX1	=	0x00ba
                           0000BB   209 _PT1	=	0x00bb
                           0000BC   210 _PS	=	0x00bc
                           0000D0   211 _P	=	0x00d0
                           0000D1   212 _F1	=	0x00d1
                           0000D2   213 _OV	=	0x00d2
                           0000D3   214 _RS0	=	0x00d3
                           0000D4   215 _RS1	=	0x00d4
                           0000D5   216 _F0	=	0x00d5
                           0000D6   217 _AC	=	0x00d6
                           0000D7   218 _CY	=	0x00d7
                                    219 ;--------------------------------------------------------
                                    220 ; overlayable register banks
                                    221 ;--------------------------------------------------------
                                    222 	.area REG_BANK_0	(REL,OVR,DATA)
      000000                        223 	.ds 8
                                    224 ;--------------------------------------------------------
                                    225 ; internal ram data
                                    226 ;--------------------------------------------------------
                                    227 	.area DSEG    (DATA)
      000000                        228 _main_dato_1_6:
      000000                        229 	.ds 41
      000029                        230 _Write_Max7219_PARM_2:
      000029                        231 	.ds 1
                                    232 ;--------------------------------------------------------
                                    233 ; overlayable items in internal ram 
                                    234 ;--------------------------------------------------------
                                    235 	.area	OSEG    (OVR,DATA)
                                    236 	.area	OSEG    (OVR,DATA)
                                    237 ;--------------------------------------------------------
                                    238 ; Stack segment in internal ram 
                                    239 ;--------------------------------------------------------
                                    240 	.area	SSEG
      000000                        241 __start__stack:
      000000                        242 	.ds	1
                                    243 
                                    244 ;--------------------------------------------------------
                                    245 ; indirectly addressable internal ram data
                                    246 ;--------------------------------------------------------
                                    247 	.area ISEG    (DATA)
                                    248 ;--------------------------------------------------------
                                    249 ; absolute internal ram data
                                    250 ;--------------------------------------------------------
                                    251 	.area IABS    (ABS,DATA)
                                    252 	.area IABS    (ABS,DATA)
                                    253 ;--------------------------------------------------------
                                    254 ; bit data
                                    255 ;--------------------------------------------------------
                                    256 	.area BSEG    (BIT)
      000000                        257 _Write_Max7219_byte_sloc0_1_0:
      000000                        258 	.ds 1
                                    259 ;--------------------------------------------------------
                                    260 ; paged external ram data
                                    261 ;--------------------------------------------------------
                                    262 	.area PSEG    (PAG,XDATA)
                                    263 ;--------------------------------------------------------
                                    264 ; external ram data
                                    265 ;--------------------------------------------------------
                                    266 	.area XSEG    (XDATA)
                                    267 ;--------------------------------------------------------
                                    268 ; absolute external ram data
                                    269 ;--------------------------------------------------------
                                    270 	.area XABS    (ABS,XDATA)
                                    271 ;--------------------------------------------------------
                                    272 ; external initialized ram data
                                    273 ;--------------------------------------------------------
                                    274 	.area XISEG   (XDATA)
                                    275 	.area HOME    (CODE)
                                    276 	.area GSINIT0 (CODE)
                                    277 	.area GSINIT1 (CODE)
                                    278 	.area GSINIT2 (CODE)
                                    279 	.area GSINIT3 (CODE)
                                    280 	.area GSINIT4 (CODE)
                                    281 	.area GSINIT5 (CODE)
                                    282 	.area GSINIT  (CODE)
                                    283 	.area GSFINAL (CODE)
                                    284 	.area CSEG    (CODE)
                                    285 ;--------------------------------------------------------
                                    286 ; interrupt vector 
                                    287 ;--------------------------------------------------------
                                    288 	.area HOME    (CODE)
      000000                        289 __interrupt_vect:
      000000 02r00r00         [24]  290 	ljmp	__sdcc_gsinit_startup
                                    291 ;--------------------------------------------------------
                                    292 ; global & static initialisations
                                    293 ;--------------------------------------------------------
                                    294 	.area HOME    (CODE)
                                    295 	.area GSINIT  (CODE)
                                    296 	.area GSFINAL (CODE)
                                    297 	.area GSINIT  (CODE)
                                    298 	.globl __sdcc_gsinit_startup
                                    299 	.globl __sdcc_program_startup
                                    300 	.globl __start__stack
                                    301 	.globl __mcs51_genXINIT
                                    302 	.globl __mcs51_genXRAMCLEAR
                                    303 	.globl __mcs51_genRAMCLEAR
                                    304 	.area GSFINAL (CODE)
      000000 02r00r03         [24]  305 	ljmp	__sdcc_program_startup
                                    306 ;--------------------------------------------------------
                                    307 ; Home
                                    308 ;--------------------------------------------------------
                                    309 	.area HOME    (CODE)
                                    310 	.area HOME    (CODE)
      000003                        311 __sdcc_program_startup:
      000003 02r00r00         [24]  312 	ljmp	_main
                                    313 ;	return from main will return to caller
                                    314 ;--------------------------------------------------------
                                    315 ; code
                                    316 ;--------------------------------------------------------
                                    317 	.area CSEG    (CODE)
                                    318 ;------------------------------------------------------------
                                    319 ;Allocation info for local variables in function 'main'
                                    320 ;------------------------------------------------------------
                                    321 ;i                         Allocated to registers r6 
                                    322 ;j                         Allocated to registers r6 
                                    323 ;dot                       Allocated to registers r7 
                                    324 ;dato                      Allocated with name '_main_dato_1_6'
                                    325 ;------------------------------------------------------------
                                    326 ;	main.c:49: void main(void)
                                    327 ;	-----------------------------------------
                                    328 ;	 function main
                                    329 ;	-----------------------------------------
      000000                        330 _main:
                           000007   331 	ar7 = 0x07
                           000006   332 	ar6 = 0x06
                           000005   333 	ar5 = 0x05
                           000004   334 	ar4 = 0x04
                           000003   335 	ar3 = 0x03
                           000002   336 	ar2 = 0x02
                           000001   337 	ar1 = 0x01
                           000000   338 	ar0 = 0x00
                                    339 ;	main.c:74: unsigned char dot=0b00000000;
      000000 7F 00            [12]  340 	mov	r7,#0x00
                                    341 ;	main.c:75: const char dato[]={
      000002 75*00 7E         [24]  342 	mov	_main_dato_1_6,#0x7e
      000005 75*01 30         [24]  343 	mov	(_main_dato_1_6 + 0x0001),#0x30
      000008 75*02 6D         [24]  344 	mov	(_main_dato_1_6 + 0x0002),#0x6d
      00000B 75*03 79         [24]  345 	mov	(_main_dato_1_6 + 0x0003),#0x79
      00000E 75*04 33         [24]  346 	mov	(_main_dato_1_6 + 0x0004),#0x33
      000011 75*05 5B         [24]  347 	mov	(_main_dato_1_6 + 0x0005),#0x5b
      000014 75*06 5F         [24]  348 	mov	(_main_dato_1_6 + 0x0006),#0x5f
      000017 75*07 70         [24]  349 	mov	(_main_dato_1_6 + 0x0007),#0x70
      00001A 75*08 7F         [24]  350 	mov	(_main_dato_1_6 + 0x0008),#0x7f
      00001D 75*09 7B         [24]  351 	mov	(_main_dato_1_6 + 0x0009),#0x7b
      000020 75*0A 77         [24]  352 	mov	(_main_dato_1_6 + 0x000a),#0x77
      000023 75*0B 1F         [24]  353 	mov	(_main_dato_1_6 + 0x000b),#0x1f
      000026 75*0C 4E         [24]  354 	mov	(_main_dato_1_6 + 0x000c),#0x4e
      000029 75*0D 3D         [24]  355 	mov	(_main_dato_1_6 + 0x000d),#0x3d
      00002C 75*0E 4F         [24]  356 	mov	(_main_dato_1_6 + 0x000e),#0x4f
      00002F 75*0F 47         [24]  357 	mov	(_main_dato_1_6 + 0x000f),#0x47
      000032 75*10 0D         [24]  358 	mov	(_main_dato_1_6 + 0x0010),#0x0d
      000035 75*11 6F         [24]  359 	mov	(_main_dato_1_6 + 0x0011),#0x6f
      000038 75*12 37         [24]  360 	mov	(_main_dato_1_6 + 0x0012),#0x37
      00003B 75*13 17         [24]  361 	mov	(_main_dato_1_6 + 0x0013),#0x17
      00003E 75*14 04         [24]  362 	mov	(_main_dato_1_6 + 0x0014),#0x04
      000041 75*15 06         [24]  363 	mov	(_main_dato_1_6 + 0x0015),#0x06
      000044 75*16 38         [24]  364 	mov	(_main_dato_1_6 + 0x0016),#0x38
      000047 75*17 0E         [24]  365 	mov	(_main_dato_1_6 + 0x0017),#0x0e
      00004A 75*18 76         [24]  366 	mov	(_main_dato_1_6 + 0x0018),#0x76
      00004D 75*19 15         [24]  367 	mov	(_main_dato_1_6 + 0x0019),#0x15
      000050 75*1A 55         [24]  368 	mov	(_main_dato_1_6 + 0x001a),#0x55
      000053 75*1B 1D         [24]  369 	mov	(_main_dato_1_6 + 0x001b),#0x1d
      000056 75*1C 67         [24]  370 	mov	(_main_dato_1_6 + 0x001c),#0x67
      000059 75*1D 05         [24]  371 	mov	(_main_dato_1_6 + 0x001d),#0x05
      00005C 75*1E 0F         [24]  372 	mov	(_main_dato_1_6 + 0x001e),#0x0f
      00005F 75*1F 3E         [24]  373 	mov	(_main_dato_1_6 + 0x001f),#0x3e
      000062 75*20 1C         [24]  374 	mov	(_main_dato_1_6 + 0x0020),#0x1c
      000065 75*21 3B         [24]  375 	mov	(_main_dato_1_6 + 0x0021),#0x3b
      000068 75*22 40         [24]  376 	mov	(_main_dato_1_6 + 0x0022),#0x40
      00006B 75*23 08         [24]  377 	mov	(_main_dato_1_6 + 0x0023),#0x08
      00006E 75*24 01         [24]  378 	mov	(_main_dato_1_6 + 0x0024),#0x01
      000071 75*25 31         [24]  379 	mov	(_main_dato_1_6 + 0x0025),#0x31
      000074 75*26 09         [24]  380 	mov	(_main_dato_1_6 + 0x0026),#0x09
      000077 75*27 80         [24]  381 	mov	(_main_dato_1_6 + 0x0027),#0x80
                                    382 ;	1-genFromRTrack replaced	mov	(_main_dato_1_6 + 0x0028),#0x00
      00007A 8F*28            [24]  383 	mov	(_main_dato_1_6 + 0x0028),r7
                                    384 ;	main.c:124: Init_Max7219();
      00007C C0 07            [24]  385 	push	ar7
      00007E 12r01rEE         [24]  386 	lcall	_Init_Max7219
      000081 D0 07            [24]  387 	pop	ar7
                                    388 ;	main.c:126: while(TRUE)
      000083                        389 00108$:
                                    390 ;	main.c:129: Write_Max7219(1,dato[HACHE]);
      000083 85*12*29         [24]  391 	mov	_Write_Max7219_PARM_2,(_main_dato_1_6 + 0x0012)
      000086 75 82 01         [24]  392 	mov	dpl,#0x01
      000089 C0 07            [24]  393 	push	ar7
      00008B 12r01rE0         [24]  394 	lcall	_Write_Max7219
                                    395 ;	main.c:130: Write_Max7219(2,dato[CERO]);
      00008E 85*00*29         [24]  396 	mov	_Write_Max7219_PARM_2,_main_dato_1_6
      000091 75 82 02         [24]  397 	mov	dpl,#0x02
      000094 12r01rE0         [24]  398 	lcall	_Write_Max7219
                                    399 ;	main.c:131: Write_Max7219(3,dato[ELE]);
      000097 85*17*29         [24]  400 	mov	_Write_Max7219_PARM_2,(_main_dato_1_6 + 0x0017)
      00009A 75 82 03         [24]  401 	mov	dpl,#0x03
      00009D 12r01rE0         [24]  402 	lcall	_Write_Max7219
                                    403 ;	main.c:132: Write_Max7219(4,dato[AA]);
      0000A0 85*0A*29         [24]  404 	mov	_Write_Max7219_PARM_2,(_main_dato_1_6 + 0x000a)
      0000A3 75 82 04         [24]  405 	mov	dpl,#0x04
      0000A6 12r01rE0         [24]  406 	lcall	_Write_Max7219
                                    407 ;	main.c:133: delay();
      0000A9 12r02r1B         [24]  408 	lcall	_delay
                                    409 ;	main.c:134: delay();
      0000AC 12r02r1B         [24]  410 	lcall	_delay
                                    411 ;	main.c:135: delay();
      0000AF 12r02r1B         [24]  412 	lcall	_delay
                                    413 ;	main.c:136: delay();
      0000B2 12r02r1B         [24]  414 	lcall	_delay
                                    415 ;	main.c:137: delay();
      0000B5 12r02r1B         [24]  416 	lcall	_delay
                                    417 ;	main.c:138: delay();
      0000B8 12r02r1B         [24]  418 	lcall	_delay
                                    419 ;	main.c:139: delay();
      0000BB 12r02r1B         [24]  420 	lcall	_delay
                                    421 ;	main.c:142: Write_Max7219(1,dato[CINCO]);
      0000BE 85*05*29         [24]  422 	mov	_Write_Max7219_PARM_2,(_main_dato_1_6 + 0x0005)
      0000C1 75 82 01         [24]  423 	mov	dpl,#0x01
      0000C4 12r01rE0         [24]  424 	lcall	_Write_Max7219
                                    425 ;	main.c:143: Write_Max7219(2,dato[AA]);
      0000C7 85*0A*29         [24]  426 	mov	_Write_Max7219_PARM_2,(_main_dato_1_6 + 0x000a)
      0000CA 75 82 02         [24]  427 	mov	dpl,#0x02
      0000CD 12r01rE0         [24]  428 	lcall	_Write_Max7219
                                    429 ;	main.c:145: Write_Max7219(4,dato[UU]);
      0000D0 85*1F*29         [24]  430 	mov	_Write_Max7219_PARM_2,(_main_dato_1_6 + 0x001f)
      0000D3 75 82 04         [24]  431 	mov	dpl,#0x04
      0000D6 12r01rE0         [24]  432 	lcall	_Write_Max7219
                                    433 ;	main.c:146: Write_Max7219(5,dato[de]);
      0000D9 85*0D*29         [24]  434 	mov	_Write_Max7219_PARM_2,(_main_dato_1_6 + 0x000d)
      0000DC 75 82 05         [24]  435 	mov	dpl,#0x05
      0000DF 12r01rE0         [24]  436 	lcall	_Write_Max7219
                                    437 ;	main.c:147: Write_Max7219(6,dato[oo]);
      0000E2 85*1B*29         [24]  438 	mov	_Write_Max7219_PARM_2,(_main_dato_1_6 + 0x001b)
      0000E5 75 82 06         [24]  439 	mov	dpl,#0x06
      0000E8 12r01rE0         [24]  440 	lcall	_Write_Max7219
                                    441 ;	main.c:148: Write_Max7219(7,dato[CINCO]);
      0000EB 85*05*29         [24]  442 	mov	_Write_Max7219_PARM_2,(_main_dato_1_6 + 0x0005)
      0000EE 75 82 07         [24]  443 	mov	dpl,#0x07
      0000F1 12r01rE0         [24]  444 	lcall	_Write_Max7219
                                    445 ;	main.c:149: delay();
      0000F4 12r02r1B         [24]  446 	lcall	_delay
                                    447 ;	main.c:150: delay();
      0000F7 12r02r1B         [24]  448 	lcall	_delay
                                    449 ;	main.c:151: delay();
      0000FA 12r02r1B         [24]  450 	lcall	_delay
                                    451 ;	main.c:152: delay();
      0000FD 12r02r1B         [24]  452 	lcall	_delay
                                    453 ;	main.c:153: delay();
      000100 12r02r1B         [24]  454 	lcall	_delay
                                    455 ;	main.c:154: delay();
      000103 12r02r1B         [24]  456 	lcall	_delay
                                    457 ;	main.c:155: delay();
      000106 12r02r1B         [24]  458 	lcall	_delay
                                    459 ;	main.c:158: Write_Max7219(1,dato[AA]);
      000109 85*0A*29         [24]  460 	mov	_Write_Max7219_PARM_2,(_main_dato_1_6 + 0x000a)
      00010C 75 82 01         [24]  461 	mov	dpl,#0x01
      00010F 12r01rE0         [24]  462 	lcall	_Write_Max7219
                                    463 ;	main.c:159: Write_Max7219(2,BLANCO);
      000112 75*29 00         [24]  464 	mov	_Write_Max7219_PARM_2,#0x00
      000115 75 82 02         [24]  465 	mov	dpl,#0x02
      000118 12r01rE0         [24]  466 	lcall	_Write_Max7219
                                    467 ;	main.c:160: Write_Max7219(3,dato[te]);
      00011B 85*1E*29         [24]  468 	mov	_Write_Max7219_PARM_2,(_main_dato_1_6 + 0x001e)
      00011E 75 82 03         [24]  469 	mov	dpl,#0x03
      000121 12r01rE0         [24]  470 	lcall	_Write_Max7219
                                    471 ;	main.c:161: Write_Max7219(4,dato[oo]);
      000124 85*1B*29         [24]  472 	mov	_Write_Max7219_PARM_2,(_main_dato_1_6 + 0x001b)
      000127 75 82 04         [24]  473 	mov	dpl,#0x04
      00012A 12r01rE0         [24]  474 	lcall	_Write_Max7219
                                    475 ;	main.c:165: delay();
      00012D 12r02r1B         [24]  476 	lcall	_delay
                                    477 ;	main.c:166: delay();
      000130 12r02r1B         [24]  478 	lcall	_delay
                                    479 ;	main.c:167: delay();
      000133 12r02r1B         [24]  480 	lcall	_delay
                                    481 ;	main.c:168: delay();
      000136 12r02r1B         [24]  482 	lcall	_delay
                                    483 ;	main.c:169: delay();
      000139 12r02r1B         [24]  484 	lcall	_delay
                                    485 ;	main.c:170: delay();
      00013C 12r02r1B         [24]  486 	lcall	_delay
                                    487 ;	main.c:171: delay();
      00013F 12r02r1B         [24]  488 	lcall	_delay
                                    489 ;	main.c:172: delay();
      000142 12r02r1B         [24]  490 	lcall	_delay
      000145 D0 07            [24]  491 	pop	ar7
                                    492 ;	main.c:175: for (i=0; i<9; i++)
      000147 7E 00            [12]  493 	mov	r6,#0x00
      000149                        494 00110$:
                                    495 ;	main.c:177: Write_Max7219(i,(dato[BARRA_INFERIOR]));
      000149 85*23*29         [24]  496 	mov	_Write_Max7219_PARM_2,(_main_dato_1_6 + 0x0023)
      00014C 8E 82            [24]  497 	mov	dpl,r6
      00014E C0 07            [24]  498 	push	ar7
      000150 C0 06            [24]  499 	push	ar6
      000152 12r01rE0         [24]  500 	lcall	_Write_Max7219
                                    501 ;	main.c:178: delay();
      000155 12r02r1B         [24]  502 	lcall	_delay
      000158 D0 06            [24]  503 	pop	ar6
                                    504 ;	main.c:179: Write_Max7219(i,BLANCO);
      00015A 75*29 00         [24]  505 	mov	_Write_Max7219_PARM_2,#0x00
      00015D 8E 82            [24]  506 	mov	dpl,r6
      00015F C0 06            [24]  507 	push	ar6
      000161 12r01rE0         [24]  508 	lcall	_Write_Max7219
      000164 D0 06            [24]  509 	pop	ar6
      000166 D0 07            [24]  510 	pop	ar7
                                    511 ;	main.c:175: for (i=0; i<9; i++)
      000168 0E               [12]  512 	inc	r6
      000169 BE 09 00         [24]  513 	cjne	r6,#0x09,00145$
      00016C                        514 00145$:
      00016C 40 DB            [24]  515 	jc	00110$
                                    516 ;	main.c:183: for(j=0;j<41;j++)
      00016E 7E 00            [12]  517 	mov	r6,#0x00
                                    518 ;	main.c:185: for(i=0; i<8; i++)
      000170                        519 00120$:
      000170 EE               [12]  520 	mov	a,r6
      000171 24r00            [12]  521 	add	a,#_main_dato_1_6
      000173 F9               [12]  522 	mov	r1,a
      000174 7D 00            [12]  523 	mov	r5,#0x00
      000176                        524 00112$:
                                    525 ;	main.c:187: Write_Max7219(i,(dato[j]));
      000176 87*29            [24]  526 	mov	_Write_Max7219_PARM_2,@r1
      000178 8D 82            [24]  527 	mov	dpl,r5
      00017A C0 07            [24]  528 	push	ar7
      00017C C0 06            [24]  529 	push	ar6
      00017E C0 05            [24]  530 	push	ar5
      000180 C0 01            [24]  531 	push	ar1
      000182 12r01rE0         [24]  532 	lcall	_Write_Max7219
      000185 D0 01            [24]  533 	pop	ar1
      000187 D0 05            [24]  534 	pop	ar5
      000189 D0 06            [24]  535 	pop	ar6
      00018B D0 07            [24]  536 	pop	ar7
                                    537 ;	main.c:185: for(i=0; i<8; i++)
      00018D 0D               [12]  538 	inc	r5
      00018E BD 08 00         [24]  539 	cjne	r5,#0x08,00147$
      000191                        540 00147$:
      000191 40 E3            [24]  541 	jc	00112$
                                    542 ;	main.c:189: Write_Max7219(i,(dato[j]|dot));
      000193 87 04            [24]  543 	mov	ar4,@r1
      000195 EF               [12]  544 	mov	a,r7
      000196 4C               [12]  545 	orl	a,r4
      000197 F5*29            [12]  546 	mov	_Write_Max7219_PARM_2,a
      000199 8D 82            [24]  547 	mov	dpl,r5
      00019B C0 07            [24]  548 	push	ar7
      00019D C0 06            [24]  549 	push	ar6
      00019F 12r01rE0         [24]  550 	lcall	_Write_Max7219
                                    551 ;	main.c:190: delay();
      0001A2 12r02r1B         [24]  552 	lcall	_delay
      0001A5 D0 06            [24]  553 	pop	ar6
      0001A7 D0 07            [24]  554 	pop	ar7
                                    555 ;	main.c:192: if (dot) dot = 0;
      0001A9 EF               [12]  556 	mov	a,r7
      0001AA 60 04            [24]  557 	jz	00104$
      0001AC 7F 00            [12]  558 	mov	r7,#0x00
      0001AE 80 02            [24]  559 	sjmp	00115$
      0001B0                        560 00104$:
                                    561 ;	main.c:193: else dot = PUNTO;
      0001B0 7F 80            [12]  562 	mov	r7,#0x80
      0001B2                        563 00115$:
                                    564 ;	main.c:183: for(j=0;j<41;j++)
      0001B2 0E               [12]  565 	inc	r6
      0001B3 BE 29 00         [24]  566 	cjne	r6,#0x29,00150$
      0001B6                        567 00150$:
      0001B6 40 B8            [24]  568 	jc	00120$
                                    569 ;	main.c:196: Write_Max7219(8,BLANCO);
      0001B8 75*29 00         [24]  570 	mov	_Write_Max7219_PARM_2,#0x00
      0001BB 75 82 08         [24]  571 	mov	dpl,#0x08
      0001BE C0 07            [24]  572 	push	ar7
      0001C0 12r01rE0         [24]  573 	lcall	_Write_Max7219
      0001C3 D0 07            [24]  574 	pop	ar7
      0001C5 02r00r83         [24]  575 	ljmp	00108$
                                    576 ;------------------------------------------------------------
                                    577 ;Allocation info for local variables in function 'Write_Max7219_byte'
                                    578 ;------------------------------------------------------------
                                    579 ;temp                      Allocated to registers r7 
                                    580 ;i                         Allocated to registers r6 
                                    581 ;------------------------------------------------------------
                                    582 ;	main.c:205: void Write_Max7219_byte(unsigned char temp)
                                    583 ;	-----------------------------------------
                                    584 ;	 function Write_Max7219_byte
                                    585 ;	-----------------------------------------
      0001C8                        586 _Write_Max7219_byte:
      0001C8 AF 82            [24]  587 	mov	r7,dpl
                                    588 ;	main.c:208: for (i=0; i<8; i++)
      0001CA 7E 00            [12]  589 	mov	r6,#0x00
      0001CC                        590 00102$:
                                    591 ;	main.c:210: CLK = LOW;
      0001CC C2 B7            [12]  592 	clr	_P3_7
                                    593 ;	main.c:211: DIN = (__sbit)(temp&MSB); //(bit)(temp&MSB);
      0001CE EF               [12]  594 	mov	a,r7
      0001CF 33               [12]  595 	rlc	a
      0001D0 92*00            [24]  596 	mov  _Write_Max7219_byte_sloc0_1_0,c
      0001D2 92 B6            [24]  597 	mov	_P3_6,c
                                    598 ;	main.c:212: temp <<=1;
      0001D4 EF               [12]  599 	mov	a,r7
      0001D5 2F               [12]  600 	add	a,r7
      0001D6 FF               [12]  601 	mov	r7,a
                                    602 ;	main.c:213: CLK = HIGH;
      0001D7 D2 B7            [12]  603 	setb	_P3_7
                                    604 ;	main.c:208: for (i=0; i<8; i++)
      0001D9 0E               [12]  605 	inc	r6
      0001DA BE 08 00         [24]  606 	cjne	r6,#0x08,00110$
      0001DD                        607 00110$:
      0001DD 40 ED            [24]  608 	jc	00102$
      0001DF 22               [24]  609 	ret
                                    610 ;------------------------------------------------------------
                                    611 ;Allocation info for local variables in function 'Write_Max7219'
                                    612 ;------------------------------------------------------------
                                    613 ;dat                       Allocated with name '_Write_Max7219_PARM_2'
                                    614 ;address                   Allocated to registers 
                                    615 ;------------------------------------------------------------
                                    616 ;	main.c:221: void Write_Max7219(unsigned char address,unsigned char dat)
                                    617 ;	-----------------------------------------
                                    618 ;	 function Write_Max7219
                                    619 ;	-----------------------------------------
      0001E0                        620 _Write_Max7219:
                                    621 ;	main.c:223: LOAD = LOW;
      0001E0 C2 B5            [12]  622 	clr	_P3_5
                                    623 ;	main.c:224: Write_Max7219_byte(address);
      0001E2 12r01rC8         [24]  624 	lcall	_Write_Max7219_byte
                                    625 ;	main.c:225: Write_Max7219_byte(dat);
      0001E5 85*29 82         [24]  626 	mov	dpl,_Write_Max7219_PARM_2
      0001E8 12r01rC8         [24]  627 	lcall	_Write_Max7219_byte
                                    628 ;	main.c:226: LOAD = HIGH;
      0001EB D2 B5            [12]  629 	setb	_P3_5
      0001ED 22               [24]  630 	ret
                                    631 ;------------------------------------------------------------
                                    632 ;Allocation info for local variables in function 'Init_Max7219'
                                    633 ;------------------------------------------------------------
                                    634 ;	main.c:233: void Init_Max7219(void)
                                    635 ;	-----------------------------------------
                                    636 ;	 function Init_Max7219
                                    637 ;	-----------------------------------------
      0001EE                        638 _Init_Max7219:
                                    639 ;	main.c:235: Write_Max7219(SHUT_DOWN, 	0x01);   //Normal Operation XXXXXXX1 Shutdown Mode   XXXXXXXX0
      0001EE 75*29 01         [24]  640 	mov	_Write_Max7219_PARM_2,#0x01
      0001F1 75 82 0C         [24]  641 	mov	dpl,#0x0c
      0001F4 12r01rE0         [24]  642 	lcall	_Write_Max7219
                                    643 ;	main.c:236: Write_Max7219(DISPLAY_TEST, 0x00);   //Normal Operation XXXXXXX0 Display Test Mode XXXXXXXX1
      0001F7 75*29 00         [24]  644 	mov	_Write_Max7219_PARM_2,#0x00
      0001FA 75 82 0F         [24]  645 	mov	dpl,#0x0f
      0001FD 12r01rE0         [24]  646 	lcall	_Write_Max7219
                                    647 ;	main.c:241: Write_Max7219(DECODE_MODE, 	0x00);   //No decode for digits 7–0
      000200 75*29 00         [24]  648 	mov	_Write_Max7219_PARM_2,#0x00
      000203 75 82 09         [24]  649 	mov	dpl,#0x09
      000206 12r01rE0         [24]  650 	lcall	_Write_Max7219
                                    651 ;	main.c:243: Write_Max7219(SCAN_LIMIT, 	0x07);   //SCAN LIMIT 0~7 0xX0~0xX7
      000209 75*29 07         [24]  652 	mov	_Write_Max7219_PARM_2,#0x07
      00020C 75 82 0B         [24]  653 	mov	dpl,#0x0b
      00020F 12r01rE0         [24]  654 	lcall	_Write_Max7219
                                    655 ;	main.c:244: Write_Max7219(INTENSITY, 	0x04);   //Set Intensity   0xX0~0xXf
      000212 75*29 04         [24]  656 	mov	_Write_Max7219_PARM_2,#0x04
      000215 75 82 0A         [24]  657 	mov	dpl,#0x0a
      000218 02r01rE0         [24]  658 	ljmp	_Write_Max7219
                                    659 ;------------------------------------------------------------
                                    660 ;Allocation info for local variables in function 'delay'
                                    661 ;------------------------------------------------------------
                                    662 ;i                         Allocated to registers r6 r7 
                                    663 ;------------------------------------------------------------
                                    664 ;	main.c:247: void delay(void)
                                    665 ;	-----------------------------------------
                                    666 ;	 function delay
                                    667 ;	-----------------------------------------
      00021B                        668 _delay:
                                    669 ;	main.c:250: for(i=0;i<=40000;i++);
      00021B 7E 41            [12]  670 	mov	r6,#0x41
      00021D 7F 9C            [12]  671 	mov	r7,#0x9c
      00021F                        672 00104$:
      00021F EE               [12]  673 	mov	a,r6
      000220 24 FF            [12]  674 	add	a,#0xff
      000222 FC               [12]  675 	mov	r4,a
      000223 EF               [12]  676 	mov	a,r7
      000224 34 FF            [12]  677 	addc	a,#0xff
      000226 FD               [12]  678 	mov	r5,a
      000227 8C 06            [24]  679 	mov	ar6,r4
      000229 8D 07            [24]  680 	mov	ar7,r5
      00022B EC               [12]  681 	mov	a,r4
      00022C 4D               [12]  682 	orl	a,r5
      00022D 70 F0            [24]  683 	jnz	00104$
      00022F 22               [24]  684 	ret
                                    685 	.area CSEG    (CODE)
                                    686 	.area CONST   (CODE)
                                    687 	.area XINIT   (CODE)
                                    688 	.area CABS    (ABS,CODE)
